<?xml version="1.0" encoding="UTF-8"?>
<testsuite xmlns:xsi="http://www.w3.org/2001/XMLSchema-instance" xsi:noNamespaceSchemaLocation="https://maven.apache.org/surefire/maven-surefire-plugin/xsd/surefire-test-report.xsd" name="com.wordvector.pybridge.AppTest" time="62.92" tests="10" errors="0" skipped="0" failures="0">
  <properties>
[...]
</properties>
  <testcase name="testSpecialCharacters" classname="com.wordvector.pybridge.AppTest" time="0.037"/>
  <testcase name="testGetVectorToWordTwice" classname="com.wordvector.pybridge.AppTest" time="0.005"/>
  <testcase name="testOneVectorFirstIndex" classname="com.wordvector.pybridge.AppTest" time="0.006"/>
  <testcase name="testOneVectorLastIndex" classname="com.wordvector.pybridge.AppTest" time="0.005"/>
  <testcase name="testGetSomeVectors" classname="com.wordvector.pybridge.AppTest" time="0.025"/>
  <testcase name="testGetVectorToUnknownWord" classname="com.wordvector.pybridge.AppTest" time="0.018"/>
  <testcase name="testIndexOutOfBound" classname="com.wordvector.pybridge.AppTest" time="0.008"/>
  <testcase name="testVectorToNumbers" classname="com.wordvector.pybridge.AppTest" time="0.02"/>
  <testcase name="testOneVectorSomeIndex" classname="com.wordvector.pybridge.AppTest" time="0.006"/>
  <testcase name="testGetVectorOnLength" classname="com.wordvector.pybridge.AppTest" time="0.004"/>
</testsuite>