<?xml version="1.0" encoding="UTF-8" ?>
<testsuite tests="6" failures="0" name="com.wordvector.pybridge.AppTest" time="33.174" errors="0" skipped="0">
  <properties>
[...]
</properties>
  <testcase classname="com.wordvector.pybridge.AppTest" name="testGetVectorToWordTwice" time="2.068"/>
  <testcase classname="com.wordvector.pybridge.AppTest" name="testgetVectorOnLength" time="2.032"/>
  <testcase classname="com.wordvector.pybridge.AppTest" name="testSpecialCharacters" time="2.051"/>
  <testcase classname="com.wordvector.pybridge.AppTest" name="testVectorToNumbers" time="2.038"/>
  <testcase classname="com.wordvector.pybridge.AppTest" name="testInitServer" time="22.945"/>
  <testcase classname="com.wordvector.pybridge.AppTest" name="testGetSomeVectors" time="2.04"/>
</testsuite>